  main.cpp
  functions.cpp
C:\Users\mateu\OneDrive - Zespół Szkół Komunikacji im. Hipolita Cegielskiego w Poznaniu\Documents\ZSK\Pracownia_Programowania\ProjectProgramowanie\ProjectProgramowanie\functions.cpp(137,12): warning C4244: 'initializing': conversion from 'const T' to 'int', possible loss of data
C:\Users\mateu\OneDrive - Zespół Szkół Komunikacji im. Hipolita Cegielskiego w Poznaniu\Documents\ZSK\Pracownia_Programowania\ProjectProgramowanie\ProjectProgramowanie\functions.cpp(137,12): warning C4244:         with
C:\Users\mateu\OneDrive - Zespół Szkół Komunikacji im. Hipolita Cegielskiego w Poznaniu\Documents\ZSK\Pracownia_Programowania\ProjectProgramowanie\ProjectProgramowanie\functions.cpp(137,12): warning C4244:         [
C:\Users\mateu\OneDrive - Zespół Szkół Komunikacji im. Hipolita Cegielskiego w Poznaniu\Documents\ZSK\Pracownia_Programowania\ProjectProgramowanie\ProjectProgramowanie\functions.cpp(137,12): warning C4244:             T=float
C:\Users\mateu\OneDrive - Zespół Szkół Komunikacji im. Hipolita Cegielskiego w Poznaniu\Documents\ZSK\Pracownia_Programowania\ProjectProgramowanie\ProjectProgramowanie\functions.cpp(137,12): warning C4244:         ]
C:\Users\mateu\OneDrive - Zespół Szkół Komunikacji im. Hipolita Cegielskiego w Poznaniu\Documents\ZSK\Pracownia_Programowania\ProjectProgramowanie\ProjectProgramowanie\functions.cpp(251,82): warning C4244: 'argument': conversion from 'long' to 'T', possible loss of data
C:\Users\mateu\OneDrive - Zespół Szkół Komunikacji im. Hipolita Cegielskiego w Poznaniu\Documents\ZSK\Pracownia_Programowania\ProjectProgramowanie\ProjectProgramowanie\functions.cpp(251,82): warning C4244:         with
C:\Users\mateu\OneDrive - Zespół Szkół Komunikacji im. Hipolita Cegielskiego w Poznaniu\Documents\ZSK\Pracownia_Programowania\ProjectProgramowanie\ProjectProgramowanie\functions.cpp(251,82): warning C4244:         [
C:\Users\mateu\OneDrive - Zespół Szkół Komunikacji im. Hipolita Cegielskiego w Poznaniu\Documents\ZSK\Pracownia_Programowania\ProjectProgramowanie\ProjectProgramowanie\functions.cpp(251,82): warning C4244:             T=float
C:\Users\mateu\OneDrive - Zespół Szkół Komunikacji im. Hipolita Cegielskiego w Poznaniu\Documents\ZSK\Pracownia_Programowania\ProjectProgramowanie\ProjectProgramowanie\functions.cpp(251,82): warning C4244:         ]
C:\Users\mateu\OneDrive - Zespół Szkół Komunikacji im. Hipolita Cegielskiego w Poznaniu\Documents\ZSK\Pracownia_Programowania\ProjectProgramowanie\ProjectProgramowanie\functions.cpp(251,44): warning C4244: 'argument': conversion from 'long' to 'T', possible loss of data
C:\Users\mateu\OneDrive - Zespół Szkół Komunikacji im. Hipolita Cegielskiego w Poznaniu\Documents\ZSK\Pracownia_Programowania\ProjectProgramowanie\ProjectProgramowanie\functions.cpp(251,44): warning C4244:         with
C:\Users\mateu\OneDrive - Zespół Szkół Komunikacji im. Hipolita Cegielskiego w Poznaniu\Documents\ZSK\Pracownia_Programowania\ProjectProgramowanie\ProjectProgramowanie\functions.cpp(251,44): warning C4244:         [
C:\Users\mateu\OneDrive - Zespół Szkół Komunikacji im. Hipolita Cegielskiego w Poznaniu\Documents\ZSK\Pracownia_Programowania\ProjectProgramowanie\ProjectProgramowanie\functions.cpp(251,44): warning C4244:             T=float
C:\Users\mateu\OneDrive - Zespół Szkół Komunikacji im. Hipolita Cegielskiego w Poznaniu\Documents\ZSK\Pracownia_Programowania\ProjectProgramowanie\ProjectProgramowanie\functions.cpp(251,44): warning C4244:         ]
C:\Users\mateu\OneDrive - Zespół Szkół Komunikacji im. Hipolita Cegielskiego w Poznaniu\Documents\ZSK\Pracownia_Programowania\ProjectProgramowanie\ProjectProgramowanie\functions.cpp(252,48): warning C4244: 'argument': conversion from 'long' to 'float', possible loss of data
C:\Users\mateu\OneDrive - Zespół Szkół Komunikacji im. Hipolita Cegielskiego w Poznaniu\Documents\ZSK\Pracownia_Programowania\ProjectProgramowanie\ProjectProgramowanie\functions.cpp(253,65): warning C4244: 'argument': conversion from 'int' to 'float', possible loss of data
C:\Users\mateu\OneDrive - Zespół Szkół Komunikacji im. Hipolita Cegielskiego w Poznaniu\Documents\ZSK\Pracownia_Programowania\ProjectProgramowanie\ProjectProgramowanie\functions.cpp(253,46): warning C4244: 'argument': conversion from 'long' to 'float', possible loss of data
C:\Users\mateu\OneDrive - Zespół Szkół Komunikacji im. Hipolita Cegielskiego w Poznaniu\Documents\ZSK\Pracownia_Programowania\ProjectProgramowanie\ProjectProgramowanie\functions.cpp(256,48): warning C4244: 'argument': conversion from 'long' to 'sf::Uint8', possible loss of data
C:\Users\mateu\OneDrive - Zespół Szkół Komunikacji im. Hipolita Cegielskiego w Poznaniu\Documents\ZSK\Pracownia_Programowania\ProjectProgramowanie\ProjectProgramowanie\functions.cpp(259,52): warning C4244: 'argument': conversion from 'long' to 'sf::Uint8', possible loss of data
C:\Users\mateu\OneDrive - Zespół Szkół Komunikacji im. Hipolita Cegielskiego w Poznaniu\Documents\ZSK\Pracownia_Programowania\ProjectProgramowanie\ProjectProgramowanie\functions.cpp(261,45): warning C4244: 'argument': conversion from 'long' to 'sf::Uint8', possible loss of data
C:\Users\mateu\OneDrive - Zespół Szkół Komunikacji im. Hipolita Cegielskiego w Poznaniu\Documents\ZSK\Pracownia_Programowania\ProjectProgramowanie\ProjectProgramowanie\functions.cpp(266,12): warning C4244: 'argument': conversion from 'time_t' to 'unsigned int', possible loss of data
C:\Users\mateu\OneDrive - Zespół Szkół Komunikacji im. Hipolita Cegielskiego w Poznaniu\Documents\ZSK\Pracownia_Programowania\ProjectProgramowanie\ProjectProgramowanie\functions.cpp(276,65): warning C4244: 'argument': conversion from 'int' to 'float', possible loss of data
C:\Users\mateu\OneDrive - Zespół Szkół Komunikacji im. Hipolita Cegielskiego w Poznaniu\Documents\ZSK\Pracownia_Programowania\ProjectProgramowanie\ProjectProgramowanie\functions.cpp(276,46): warning C4244: 'argument': conversion from 'int' to 'float', possible loss of data
  Generating code
  Previous IPDB not found, fall back to full compilation.
  All 193 functions were compiled because no usable IPDB/IOBJ from previous compilation was found.
  Finished generating code
  ProjectProgramowanie.vcxproj -> C:\Users\mateu\OneDrive - Zespół Szkół Komunikacji im. Hipolita Cegielskiego w Poznaniu\Documents\ZSK\Pracownia_Programowania\ProjectProgramowanie\ProjectProgramowanie\x64\Release\Sort Visualisation.exe
